<?xml version="1.0" encoding="UTF-8"?>
<!-- Generated by org.testng.reporters.JUnitReportReporter -->
<testsuite hostname="DESKTOP-HIQ2IVV" failures="0" tests="1" name="com.orangehrm.tests.LoginPageTest" time="7.702" errors="0" timestamp="2025-02-16T16:37:13 IST" skipped="0">
  <testcase classname="com.orangehrm.tests.LoginPageTest" name="verifyUserwithValidCredentials" time="7.702"/>
  <system-out/>
</testsuite> <!-- com.orangehrm.tests.LoginPageTest -->
