<?xml version="1.0" encoding="UTF-8"?>
<!-- Generated by org.testng.reporters.JUnitReportReporter -->
<testsuite hostname="DESKTOP-HIQ2IVV" failures="0" tests="1" name="com.orangehrm.tests.LogoutTest" time="11.882" errors="0" timestamp="2025-02-16T16:59:00 IST" skipped="0">
  <testcase classname="com.orangehrm.tests.LogoutTest" name="verfiyuserlogout" time="11.882"/>
  <system-out/>
</testsuite> <!-- com.orangehrm.tests.LogoutTest -->
