<?xml version="1.0" encoding="UTF-8"?>
<!-- Generated by org.testng.reporters.JUnitReportReporter -->
<testsuite hostname="DESKTOP-HIQ2IVV" failures="0" tests="1" name="com.orangehrm.tests.LoginTest" time="19.758" errors="0" timestamp="2025-02-16T16:49:55 IST" skipped="0">
  <testcase classname="com.orangehrm.tests.LoginTest" name="verifyUserwithValidCredentials" time="19.758"/>
  <system-out/>
</testsuite> <!-- com.orangehrm.tests.LoginTest -->
