<?xml version="1.0" encoding="UTF-8"?>
<!-- Generated by org.testng.reporters.JUnitReportReporter -->
<testsuite hostname="DESKTOP-HIQ2IVV" failures="0" tests="1" name="com.orangehrm.tests.AddEmployeeTest" time="17.805" errors="0" timestamp="2025-02-16T17:17:21 IST" skipped="0">
  <testcase classname="com.orangehrm.tests.AddEmployeeTest" name="verifyEmployeeAdded" time="17.805"/>
  <system-out/>
</testsuite> <!-- com.orangehrm.tests.AddEmployeeTest -->
