<?xml version="1.0" encoding="UTF-8"?>
<!-- Generated by org.testng.reporters.JUnitReportReporter -->
<testsuite hostname="DESKTOP-HIQ2IVV" failures="0" tests="1" name="com.orangehrm.tests.LogoutTest" time="20.634" errors="0" timestamp="2025-02-16T22:30:15 IST" skipped="0">
  <testcase classname="com.orangehrm.tests.LogoutTest" name="verfiyuserlogout" time="20.634"/>
  <system-out/>
</testsuite> <!-- com.orangehrm.tests.LogoutTest -->
